<?xml version="1.0" encoding="UTF-8"?>
<testng-results ignored="0" total="1" passed="1" failed="0" skipped="0">
  <reporter-output>
  </reporter-output>
  <suite started-at="2023-07-24T21:31:06 IST" name="tests.First_Test" finished-at="2023-07-24T21:31:07 IST" duration-ms="34">
    <groups>
    </groups>
    <test started-at="2023-07-24T21:31:06 IST" name="Command line test" finished-at="2023-07-24T21:31:07 IST" duration-ms="34">
      <class name="tests.First_Test">
        <test-method signature="m1()[pri:0, instance:tests.First_Test@9353778]" started-at="2023-07-24T21:31:07 IST" name="m1" finished-at="2023-07-24T21:31:07 IST" duration-ms="15" status="PASS">
          <reporter-output>
          </reporter-output>
        </test-method> <!-- m1 -->
      </class> <!-- tests.First_Test -->
    </test> <!-- Command line test -->
  </suite> <!-- tests.First_Test -->
</testng-results>
